<?xml version="1.0" encoding="UTF-8"?>
<testng-results ignored="0" total="3" passed="3" failed="0" skipped="0">
  <reporter-output>
  </reporter-output>
  <suite started-at="2020-12-25T13:37:53 IST" name="Default suite" finished-at="2020-12-25T13:38:00 IST" duration-ms="6859">
    <groups>
    </groups>
    <test started-at="2020-12-25T13:37:53 IST" name="Default test" finished-at="2020-12-25T13:38:00 IST" duration-ms="6859">
      <class name="Test.run1">
        <test-method is-config="true" signature="setup()[pri:0, instance:Test.run1@3315d2d7]" started-at="2020-12-25T13:37:53 IST" name="setup" finished-at="2020-12-25T13:37:53 IST" duration-ms="182" status="PASS">
          <reporter-output>
          </reporter-output>
        </test-method> <!-- setup -->
        <test-method signature="test1()[pri:1, instance:Test.run1@3315d2d7]" started-at="2020-12-25T13:37:53 IST" name="test1" finished-at="2020-12-25T13:37:57 IST" duration-ms="4258" status="PASS">
          <reporter-output>
          </reporter-output>
        </test-method> <!-- test1 -->
        <test-method signature="test2()[pri:2, instance:Test.run1@3315d2d7]" started-at="2020-12-25T13:37:57 IST" name="test2" finished-at="2020-12-25T13:37:58 IST" duration-ms="1144" status="PASS">
          <reporter-output>
          </reporter-output>
        </test-method> <!-- test2 -->
        <test-method signature="test3()[pri:3, instance:Test.run1@3315d2d7]" started-at="2020-12-25T13:37:58 IST" name="test3" finished-at="2020-12-25T13:38:00 IST" duration-ms="1416" status="PASS">
          <reporter-output>
          </reporter-output>
        </test-method> <!-- test3 -->
        <test-method is-config="true" signature="setdown()[pri:0, instance:Test.run1@3315d2d7]" started-at="2020-12-25T13:38:00 IST" name="setdown" finished-at="2020-12-25T13:38:00 IST" duration-ms="382" status="PASS">
          <reporter-output>
          </reporter-output>
        </test-method> <!-- setdown -->
      </class> <!-- Test.run1 -->
    </test> <!-- Default test -->
  </suite> <!-- Default suite -->
</testng-results>
